<?xml version="1.0" encoding="UTF-8"?>
<!-- Generated by org.testng.reporters.JUnitReportReporter -->
<testsuite skipped="0" hostname="HP" name="cucumberOptions.TestRunner" tests="2" failures="0" timestamp="2020-06-28T16:16:10 IST" time="39.414" errors="0">
  <testcase name="runScenario" time="22.000" classname="cucumberOptions.TestRunner"/>
  <system-out>
<div "result">Initialize the chrome browser (PASSED : 6s)</div> <div "result">Navigate to &quot;http:&#x2F;&#x2F;www.qaclickacademy.com&#x2F;&quot; (PASSED : 5s)</div> <div "result">Click on Login to land on Home Page (PASSED : 6s)</div> <div "result">User enter test99@gmail.com and 123456 (PASSED : 1s)</div> <div "result">Verify that user successfully logged In. (PASSED : 2s)</div>  </system-out>
  <testcase name="runScenario" time="17.414" classname="cucumberOptions.TestRunner"/>
  <system-out>
<div "result">Initialize the chrome browser (PASSED : 2s)</div> <div "result">Navigate to &quot;http:&#x2F;&#x2F;www.qaclickacademy.com&#x2F;&quot; (PASSED : 4s)</div> <div "result">Click on Login to land on Home Page (PASSED : 5s)</div> <div "result">User enter test123@gmail.com and 11111 (PASSED : 2s)</div> <div "result">Verify that user successfully logged In. (PASSED : 2s)</div>  </system-out>
</testsuite> <!-- cucumberOptions.TestRunner -->
