<?xml version="1.0" encoding="UTF-8"?>
<!-- Generated by org.testng.reporters.JUnitReportReporter -->
<testsuite skipped="0" hostname="HP" name="Academy.EToEProject.ValidateTest" tests="1" failures="0" timestamp="2020-06-25T19:12:01 IST" time="0.967" errors="0">
  <testcase name="basePageNavigation" time="0.967" classname="Academy.EToEProject.ValidateTest"/>
  <system-out/>
</testsuite> <!-- Academy.EToEProject.ValidateTest -->
